<?xml version="1.0" encoding="UTF-8"?>
<testng-results skipped="0" failed="0" ignored="0" total="1" passed="1">
  <reporter-output>
  </reporter-output>
  <suite name="Default suite" duration-ms="71510" started-at="2022-11-08T01:04:40Z" finished-at="2022-11-08T01:05:51Z">
    <groups>
    </groups>
    <test name="Default test" duration-ms="71510" started-at="2022-11-08T01:04:40Z" finished-at="2022-11-08T01:05:51Z">
      <class name="org.utility.FllipkartTask">
        <test-method status="PASS" signature="flipkartProducts()[pri:0, instance:org.utility.FllipkartTask@57fffcd7]" name="flipkartProducts" duration-ms="71425" started-at="2022-11-08T01:04:40Z" finished-at="2022-11-08T01:05:51Z">
          <reporter-output>
          </reporter-output>
        </test-method> <!-- flipkartProducts -->
      </class> <!-- org.utility.FllipkartTask -->
    </test> <!-- Default test -->
  </suite> <!-- Default suite -->
</testng-results>
